<?xml version="1.0" encoding="UTF-8"?>
<!-- Generated by org.testng.reporters.JUnitReportReporter -->
<testsuite hostname="NIDHI" failures="0" tests="1" name="testScenarios.googleSearchTest" time="0.328" errors="0" timestamp="2024-06-19T22:42:22 IST" skipped="0">
  <testcase classname="testScenarios.googleSearchTest" name="login" time="0.328"/>
  <system-out/>
</testsuite> <!-- testScenarios.googleSearchTest -->
