<?xml version="1.0" encoding="UTF-8"?>
<!-- Generated by org.testng.reporters.JUnitReportReporter -->
<testsuite hostname="NIDHI" failures="0" tests="3" name="testScenarios.SauceLabsTest" time="12.440" errors="0" timestamp="2024-06-20T11:41:44 IST" skipped="0">
  <testcase classname="testScenarios.SauceLabsTest" name="login" time="5.637"/>
  <system-out/>
  <testcase classname="testScenarios.SauceLabsTest" name="checkoutItems" time="4.616"/>
  <system-out/>
  <testcase classname="testScenarios.SauceLabsTest" name="logout" time="2.187"/>
  <system-out/>
</testsuite> <!-- testScenarios.SauceLabsTest -->
